[10:46:26] [Server thread/INFO]: Starting minecraft server version 1.8.8
[10:46:26] [Server thread/INFO]: Loading properties
[10:46:26] [Server thread/INFO]: Default game type: SURVIVAL
[10:46:26] [Server thread/INFO]: This server is running CraftBukkit version git-PaperSpigot-445 (MC: 1.8.8) (Implementing API version 1.8.8-R0.1-SNAPSHOT)
[10:46:26] [Server thread/INFO]: Unable to find file banned-players.json, creating it.
[10:46:26] [Server thread/INFO]: Unable to find file banned-ips.json, creating it.
[10:46:26] [Server thread/INFO]: Unable to find file ops.json, creating it.
[10:46:26] [Server thread/INFO]: Unable to find file whitelist.json, creating it.
[10:46:26] [Server thread/INFO]: Debug logging is disabled
[10:46:26] [Server thread/INFO]: Spigot Timings: true - Verbose: true - Interval: 5m - Length: 60m
[10:46:26] [Server thread/INFO]: Server Ping Player Sample Count: 12

[10:46:26] [Server thread/INFO]: Using 4 threads for Netty based IO
[10:46:26] [Server thread/INFO]: Data value allowed items: 
[10:46:26] [Server thread/WARN]: java.lang.NoSuchFieldException: modifiers

[10:46:26] [Server thread/WARN]: 	at java.base/java.lang.Class.getDeclaredField(Class.java:2782)

[10:46:26] [Server thread/WARN]: 	at org.github.paperspigot.PaperSpigotConfig.stackableBuckets(PaperSpigotConfig.java:192)

[10:46:26] [Server thread/WARN]: 	at java.base/jdk.internal.reflect.DirectMethodHandleAccessor.invoke(DirectMethodHandleAccessor.java:103)

[10:46:26] [Server thread/WARN]: 	at java.base/java.lang.reflect.Method.invoke(Method.java:580)

[10:46:26] [Server thread/WARN]: 	at org.github.paperspigot.PaperSpigotConfig.readConfig(PaperSpigotConfig.java:84)

[10:46:26] [Server thread/WARN]: 	at org.github.paperspigot.PaperSpigotConfig.init(PaperSpigotConfig.java:62)

[10:46:26] [Server thread/WARN]: 	at net.minecraft.server.v1_8_R3.DedicatedServer.init(DedicatedServer.java:181)

[10:46:26] [Server thread/WARN]: 	at net.minecraft.server.v1_8_R3.MinecraftServer.run(MinecraftServer.java:563)

[10:46:26] [Server thread/WARN]: 	at java.base/java.lang.Thread.run(Thread.java:1583)

[10:46:26] [Server thread/INFO]: Generating keypair
[10:46:26] [Server thread/INFO]: Starting Minecraft server on localhost:25565
[10:46:26] [Server thread/INFO]: Your platform does not provide complete low-level API for accessing direct buffers reliably. Unless explicitly requested, heap buffer will always be preferred to avoid potential system unstability.
[10:46:26] [Server thread/INFO]: Using default channel type
[10:46:27] [Server thread/INFO]: Set PluginClassLoader as parallel capable
[10:46:27] [Server thread/INFO]: [SimpleTpa] Loading SimpleTpa v6.4
[10:46:27] [Server thread/INFO]: [SimpleHomes] Loading SimpleHomes v2.2
[10:46:27] [Server thread/INFO]: [WorldEdit] Loading WorldEdit v6.1;no_git_id
[10:46:27] [Server thread/INFO]: [LoginSecurity] Loading LoginSecurity v3.2.0
[10:46:27] [Server thread/WARN]: **** SERVER IS RUNNING IN OFFLINE/INSECURE MODE!
[10:46:27] [Server thread/WARN]: The server will make no attempt to authenticate usernames. Beware.
[10:46:27] [Server thread/WARN]: Whilst this makes it possible to use BungeeCord, unless access to your server is properly restricted, it also opens up the ability for hackers to connect with any username they choose.
[10:46:27] [Server thread/WARN]: Please see http://www.spigotmc.org/wiki/firewall-guide/ for further information.
[10:46:27] [Server thread/WARN]: To change this, set "online-mode" to "true" in the server.properties file.
[10:46:27] [Server thread/INFO]: **** Beginning UUID conversion, this may take A LONG time ****
[10:46:27] [Server thread/INFO]: Preparing level "world"
[10:46:27] [Server thread/INFO]: -------- World Settings For [world] --------
[10:46:27] [Server thread/INFO]: Mob Spawn Range: 4
[10:46:27] [Server thread/INFO]: Anti X-Ray: true
[10:46:27] [Server thread/INFO]: 	Engine Mode: 1
[10:46:27] [Server thread/INFO]: 	Hidden Blocks: [14, 15, 16, 21, 48, 49, 54, 56, 73, 74, 82, 129, 130]
[10:46:27] [Server thread/INFO]: 	Replace Blocks: [1, 5]
[10:46:27] [Server thread/INFO]: Nerfing mobs spawned from spawners: false
[10:46:27] [Server thread/INFO]: Cactus Growth Modifier: 100%
[10:46:27] [Server thread/INFO]: Cane Growth Modifier: 100%
[10:46:27] [Server thread/INFO]: Melon Growth Modifier: 100%
[10:46:27] [Server thread/INFO]: Mushroom Growth Modifier: 100%
[10:46:27] [Server thread/INFO]: Pumpkin Growth Modifier: 100%
[10:46:27] [Server thread/INFO]: Sapling Growth Modifier: 100%
[10:46:27] [Server thread/INFO]: Wheat Growth Modifier: 100%
[10:46:27] [Server thread/INFO]: NetherWart Growth Modifier: 100%
[10:46:27] [Server thread/INFO]: Entity Activation Range: An 32 / Mo 32 / Mi 16
[10:46:27] [Server thread/INFO]: Entity Tracking Range: Pl 48 / An 48 / Mo 48 / Mi 32 / Other 64
[10:46:27] [Server thread/INFO]: Hopper Transfer: 8 Hopper Check: 8 Hopper Amount: 1
[10:46:27] [Server thread/INFO]: Random Lighting Updates: false
[10:46:27] [Server thread/INFO]: Structure Info Saving: true
[10:46:27] [Server thread/INFO]: Sending up to 10 chunks per packet
[10:46:27] [Server thread/INFO]: Max Entity Collisions: 8
[10:46:27] [Server thread/INFO]: Custom Map Seeds:  Village: 10387312 Feature: 14357617
[10:46:27] [Server thread/INFO]: Max TNT Explosions: 100
[10:46:27] [Server thread/INFO]: Tile Max Tick Time: 50ms Entity max Tick Time: 50ms
[10:46:27] [Server thread/INFO]: Item Despawn Rate: 6000
[10:46:27] [Server thread/INFO]: Item Merge Radius: 2.5
[10:46:27] [Server thread/INFO]: Arrow Despawn Rate: 1200
[10:46:27] [Server thread/INFO]: Allow Zombie Pigmen to spawn from portal blocks: true
[10:46:27] [Server thread/INFO]: View Distance: 4
[10:46:27] [Server thread/INFO]: Zombie Aggressive Towards Villager: true
[10:46:27] [Server thread/INFO]: Chunks to Grow per Tick: 650
[10:46:27] [Server thread/INFO]: Clear tick list: false
[10:46:27] [Server thread/INFO]: Experience Merge Radius: 3.0
[10:46:27] [Server thread/INFO]: -------- World Settings For [world] --------
[10:46:27] [Server thread/INFO]: Squids will spawn between Y: 45.0 and Y: 63.0
[10:46:27] [Server thread/INFO]: Max height for cactus growth 3. Max height for reed growth 3
[10:46:27] [Server thread/INFO]: Living Entity Despawn Ranges:  Soft: 32 Hard: 128
[10:46:27] [Server thread/INFO]: Remove invalid mob spawner tile entities: true
[10:46:27] [Server thread/INFO]: Player blocking damage multiplier set to 0.5
[10:46:27] [Server thread/INFO]: Water over lava flow speed: 5
[10:46:27] [Server thread/INFO]: Fix TNT cannons: false
[10:46:27] [Server thread/INFO]: Allow undead horse types to be leashed: false
[10:46:27] [Server thread/INFO]: Keep spawn chunk loaded: true
[10:46:27] [Server thread/INFO]: World async lighting: false
[10:46:27] [Server thread/INFO]: WorldServer TickNextTick cap set at 10000
[10:46:27] [Server thread/INFO]: WorldServer TickNextTickList cap always processes redstone: false
[10:46:27] [Server thread/INFO]: -------- World Settings For [world_nether] --------
[10:46:27] [Server thread/INFO]: Mob Spawn Range: 4
[10:46:27] [Server thread/INFO]: Anti X-Ray: true
[10:46:27] [Server thread/INFO]: 	Engine Mode: 1
[10:46:27] [Server thread/INFO]: 	Hidden Blocks: [14, 15, 16, 21, 48, 49, 54, 56, 73, 74, 82, 129, 130]
[10:46:27] [Server thread/INFO]: 	Replace Blocks: [1, 5]
[10:46:27] [Server thread/INFO]: Nerfing mobs spawned from spawners: false
[10:46:27] [Server thread/INFO]: Cactus Growth Modifier: 100%
[10:46:27] [Server thread/INFO]: Cane Growth Modifier: 100%
[10:46:27] [Server thread/INFO]: Melon Growth Modifier: 100%
[10:46:27] [Server thread/INFO]: Mushroom Growth Modifier: 100%
[10:46:27] [Server thread/INFO]: Pumpkin Growth Modifier: 100%
[10:46:27] [Server thread/INFO]: Sapling Growth Modifier: 100%
[10:46:27] [Server thread/INFO]: Wheat Growth Modifier: 100%
[10:46:27] [Server thread/INFO]: NetherWart Growth Modifier: 100%
[10:46:27] [Server thread/INFO]: Entity Activation Range: An 32 / Mo 32 / Mi 16
[10:46:27] [Server thread/INFO]: Entity Tracking Range: Pl 48 / An 48 / Mo 48 / Mi 32 / Other 64
[10:46:27] [Server thread/INFO]: Hopper Transfer: 8 Hopper Check: 8 Hopper Amount: 1
[10:46:27] [Server thread/INFO]: Random Lighting Updates: false
[10:46:27] [Server thread/INFO]: Structure Info Saving: true
[10:46:27] [Server thread/INFO]: Sending up to 10 chunks per packet
[10:46:27] [Server thread/INFO]: Max Entity Collisions: 8
[10:46:27] [Server thread/INFO]: Custom Map Seeds:  Village: 10387312 Feature: 14357617
[10:46:27] [Server thread/INFO]: Max TNT Explosions: 100
[10:46:27] [Server thread/INFO]: Tile Max Tick Time: 50ms Entity max Tick Time: 50ms
[10:46:27] [Server thread/INFO]: Item Despawn Rate: 6000
[10:46:27] [Server thread/INFO]: Item Merge Radius: 2.5
[10:46:27] [Server thread/INFO]: Arrow Despawn Rate: 1200
[10:46:27] [Server thread/INFO]: Allow Zombie Pigmen to spawn from portal blocks: true
[10:46:27] [Server thread/INFO]: View Distance: 4
[10:46:27] [Server thread/INFO]: Zombie Aggressive Towards Villager: true
[10:46:27] [Server thread/INFO]: Chunks to Grow per Tick: 650
[10:46:27] [Server thread/INFO]: Clear tick list: false
[10:46:27] [Server thread/INFO]: Experience Merge Radius: 3.0
[10:46:27] [Server thread/INFO]: -------- World Settings For [world_nether] --------
[10:46:27] [Server thread/INFO]: Squids will spawn between Y: 45.0 and Y: 63.0
[10:46:27] [Server thread/INFO]: Max height for cactus growth 3. Max height for reed growth 3
[10:46:27] [Server thread/INFO]: Living Entity Despawn Ranges:  Soft: 32 Hard: 128
[10:46:27] [Server thread/INFO]: Remove invalid mob spawner tile entities: true
[10:46:27] [Server thread/INFO]: Player blocking damage multiplier set to 0.5
[10:46:27] [Server thread/INFO]: Water over lava flow speed: 5
[10:46:27] [Server thread/INFO]: Fix TNT cannons: false
[10:46:27] [Server thread/INFO]: Allow undead horse types to be leashed: false
[10:46:27] [Server thread/INFO]: Keep spawn chunk loaded: true
[10:46:27] [Server thread/INFO]: World async lighting: false
[10:46:27] [Server thread/INFO]: WorldServer TickNextTick cap set at 10000
[10:46:27] [Server thread/INFO]: WorldServer TickNextTickList cap always processes redstone: false
[10:46:27] [Server thread/INFO]: -------- World Settings For [world_the_end] --------
[10:46:27] [Server thread/INFO]: Mob Spawn Range: 4
[10:46:27] [Server thread/INFO]: Anti X-Ray: true
[10:46:27] [Server thread/INFO]: 	Engine Mode: 1
[10:46:27] [Server thread/INFO]: 	Hidden Blocks: [14, 15, 16, 21, 48, 49, 54, 56, 73, 74, 82, 129, 130]
[10:46:27] [Server thread/INFO]: 	Replace Blocks: [1, 5]
[10:46:27] [Server thread/INFO]: Nerfing mobs spawned from spawners: false
[10:46:27] [Server thread/INFO]: Cactus Growth Modifier: 100%
[10:46:27] [Server thread/INFO]: Cane Growth Modifier: 100%
[10:46:27] [Server thread/INFO]: Melon Growth Modifier: 100%
[10:46:27] [Server thread/INFO]: Mushroom Growth Modifier: 100%
[10:46:27] [Server thread/INFO]: Pumpkin Growth Modifier: 100%
[10:46:27] [Server thread/INFO]: Sapling Growth Modifier: 100%
[10:46:27] [Server thread/INFO]: Wheat Growth Modifier: 100%
[10:46:27] [Server thread/INFO]: NetherWart Growth Modifier: 100%
[10:46:27] [Server thread/INFO]: Entity Activation Range: An 32 / Mo 32 / Mi 16
[10:46:27] [Server thread/INFO]: Entity Tracking Range: Pl 48 / An 48 / Mo 48 / Mi 32 / Other 64
[10:46:27] [Server thread/INFO]: Hopper Transfer: 8 Hopper Check: 8 Hopper Amount: 1
[10:46:27] [Server thread/INFO]: Random Lighting Updates: false
[10:46:27] [Server thread/INFO]: Structure Info Saving: true
[10:46:27] [Server thread/INFO]: Sending up to 10 chunks per packet
[10:46:27] [Server thread/INFO]: Max Entity Collisions: 8
[10:46:27] [Server thread/INFO]: Custom Map Seeds:  Village: 10387312 Feature: 14357617
[10:46:27] [Server thread/INFO]: Max TNT Explosions: 100
[10:46:27] [Server thread/INFO]: Tile Max Tick Time: 50ms Entity max Tick Time: 50ms
[10:46:27] [Server thread/INFO]: Item Despawn Rate: 6000
[10:46:27] [Server thread/INFO]: Item Merge Radius: 2.5
[10:46:27] [Server thread/INFO]: Arrow Despawn Rate: 1200
[10:46:27] [Server thread/INFO]: Allow Zombie Pigmen to spawn from portal blocks: true
[10:46:27] [Server thread/INFO]: View Distance: 4
[10:46:27] [Server thread/INFO]: Zombie Aggressive Towards Villager: true
[10:46:27] [Server thread/INFO]: Chunks to Grow per Tick: 650
[10:46:27] [Server thread/INFO]: Clear tick list: false
[10:46:27] [Server thread/INFO]: Experience Merge Radius: 3.0
[10:46:27] [Server thread/INFO]: -------- World Settings For [world_the_end] --------
[10:46:27] [Server thread/INFO]: Squids will spawn between Y: 45.0 and Y: 63.0
[10:46:27] [Server thread/INFO]: Max height for cactus growth 3. Max height for reed growth 3
[10:46:27] [Server thread/INFO]: Living Entity Despawn Ranges:  Soft: 32 Hard: 128
[10:46:27] [Server thread/INFO]: Remove invalid mob spawner tile entities: true
[10:46:27] [Server thread/INFO]: Player blocking damage multiplier set to 0.5
[10:46:27] [Server thread/INFO]: Water over lava flow speed: 5
[10:46:27] [Server thread/INFO]: Fix TNT cannons: false
[10:46:27] [Server thread/INFO]: Allow undead horse types to be leashed: false
[10:46:27] [Server thread/INFO]: Keep spawn chunk loaded: true
[10:46:27] [Server thread/INFO]: World async lighting: false
[10:46:27] [Server thread/INFO]: WorldServer TickNextTick cap set at 10000
[10:46:27] [Server thread/INFO]: WorldServer TickNextTickList cap always processes redstone: false
[10:46:27] [Server thread/INFO]: Preparing start region for level 0 (Seed: 60993969230163762)
[10:46:28] [Server thread/INFO]: Preparing spawn area: 6%
[10:46:29] [Server thread/INFO]: Preparing spawn area: 13%
[10:46:30] [Server thread/INFO]: Preparing spawn area: 24%
[10:46:31] [Server thread/INFO]: Preparing spawn area: 38%
[10:46:32] [Server thread/INFO]: Preparing spawn area: 54%
[10:46:33] [Server thread/INFO]: Preparing spawn area: 70%
[10:46:34] [Server thread/INFO]: Preparing spawn area: 83%
[10:46:35] [Server thread/INFO]: Preparing start region for level 1 (Seed: 60993969230163762)
[10:46:36] [Server thread/INFO]: Preparing spawn area: 21%
[10:46:37] [Server thread/INFO]: Preparing spawn area: 52%
[10:46:38] [Server thread/INFO]: Preparing spawn area: 93%
[10:46:38] [Server thread/INFO]: Preparing start region for level 2 (Seed: 60993969230163762)
[10:46:39] [Server thread/INFO]: Preparing spawn area: 82%
[10:46:39] [Server thread/INFO]: [SimpleTpa] Enabling SimpleTpa v6.4
[10:46:39] [Server thread/INFO]: [0;33;1m[21m[SimpleTpa] If you need support contact me at https://discord.gg/SZUkza9[m

[10:46:39] [Server thread/INFO]: [0;33;1m[21m[SimpleTpa] Simple Tpa has been enabled on version 6.4[m

[10:46:39] [Server thread/INFO]: Enabled metrics. You may opt-out by changing plugins/bStats/config.yml
[10:46:39] [Server thread/INFO]: [SimpleHomes] Enabling SimpleHomes v2.2
[10:46:39] [Server thread/INFO]: [WorldEdit] Enabling WorldEdit v6.1;no_git_id
[10:46:40] [Server thread/INFO]: WEPIF: Updated config file
[10:46:40] [Server thread/INFO]: WEPIF: Using the Bukkit Permissions API.
[10:46:40] [Server thread/INFO]: [WorldEdit] Using com.sk89q.worldedit.bukkit.adapter.impl.Spigot_v1_8_R3 as the Bukkit adapter
[10:46:40] [Server thread/INFO]: [LoginSecurity] Enabling LoginSecurity v3.2.0
[10:46:40] [Server thread/INFO]: [LoginSecurity] Loading base translations from "en_us"
[10:46:40] [Server thread/INFO]: [LoginSecurity] Loading specified translations from "en_us"
[10:46:40] [Server thread/INFO]: [LoginSecurity] Registering commands...
[10:46:40] [Server thread/INFO]: [LoginSecurity] Registering listeners...
[10:46:40] [Server thread/INFO]: Done (13.344s)! For help, type "help" or "?"
[10:46:40] [Server thread/INFO]: Timings Reset
[10:46:41] [Craft Scheduler Thread - 0/INFO]: [0;31;1m[21m[SimpleTpa] There is a new update available.[m

[10:46:41] [Craft Scheduler Thread - 0/INFO]: [0;31;1m[SimpleTpa] There is a new update available:[m

[10:46:41] [Craft Scheduler Thread - 0/INFO]: [0;31;1m[SimpleTpa] https://www.spigotmc.org/resources/simple-tpa.64270/[m

[10:50:47] [Thread-7/INFO]: UUID of player pliptheplops is 7f7128cf-cebd-3535-bbfd-97282ec5745a
[10:50:47] [Server thread/INFO]: pliptheplops[/[0:0:0:0:0:0:0:1]:57534] logged in with entity id 2508 at ([world]-94.5, 72.0, -90.5)
[10:51:17] [Server thread/INFO]: pliptheplops lost connection: Login timed out!
[10:51:17] [Server thread/INFO]: pliptheplops left the game.
[10:51:17] [Server thread/WARN]: handleDisconnection() called twice
[10:51:24] [Thread-8/INFO]: UUID of player pliptheplops is 7f7128cf-cebd-3535-bbfd-97282ec5745a
[10:51:24] [Server thread/INFO]: pliptheplops[/[0:0:0:0:0:0:0:1]:42818] logged in with entity id 2682 at ([world]-94.99528233272046, 72.0, -90.29005030810866)
[10:51:59] [Server thread/INFO]: pliptheplops issued server command: /op pliptheplops
[10:54:07] [Server thread/INFO]: pliptheplops issued server command: /help
[10:54:15] [Server thread/INFO]: pliptheplops issued server command: /bukkit
[10:54:23] [Server thread/INFO]: pliptheplops issued server command: /help 2
[10:54:37] [Server thread/INFO]: pliptheplops issued server command: /help3
[10:54:39] [Server thread/INFO]: pliptheplops issued server command: /help 3
[10:54:53] [Server thread/INFO]: pliptheplops issued server command: /help 4
[10:54:57] [Server thread/INFO]: pliptheplops issued server command: /help 5
[10:55:05] [Server thread/INFO]: pliptheplops issued server command: /worldedit
[10:56:38] [Server thread/INFO]: pliptheplops issued server command: /help
[10:56:46] [Server thread/INFO]: pliptheplops issued server command: /bukkit
[10:56:53] [Server thread/INFO]: pliptheplops issued server command: /help bukkit
[10:57:03] [Server thread/INFO]: pliptheplops issued server command: /bukkit plugins
[10:57:11] [Server thread/INFO]: pliptheplops issued server command: /help plugins
[10:57:15] [Server thread/INFO]: pliptheplops issued server command: /pl
[10:59:03] [Server thread/INFO]: pliptheplops lost connection: Disconnected
[10:59:03] [Server thread/INFO]: pliptheplops left the game.
[11:06:02] [Thread-10/INFO]: UUID of player pliptheplops is 7f7128cf-cebd-3535-bbfd-97282ec5745a
[11:06:02] [Server thread/INFO]: pliptheplops[/[0:0:0:0:0:0:0:1]:34102] logged in with entity id 3091 at ([world]-83.9067635523105, 69.0, -67.30000001192093)
[11:09:32] [Server thread/INFO]: pliptheplops issued server command: /help
[11:09:38] [Server thread/INFO]: pliptheplops issued server command: //calc 1+1
[11:12:14] [Server thread/INFO]: pliptheplops issued server command: /help
[11:12:49] [Server thread/INFO]: pliptheplops issued server command: /hello
[11:12:51] [Server thread/INFO]: pliptheplops issued server command: /help
[11:13:06] [Server thread/INFO]: pliptheplops issued server command: /help loginsecurity
[11:13:16] [Server thread/INFO]: pliptheplops issued server command: /lac
[11:13:53] [Server thread/INFO]: Opped pliptheplops
[11:14:00] [Server thread/INFO]: pliptheplops issued server command: /help
[11:14:12] [Server thread/INFO]: pliptheplops issued server command: /help loginsecurity
[11:14:18] [Server thread/INFO]: pliptheplops issued server command: /lac
[11:14:30] [Server thread/INFO]: pliptheplops issued server command: /gamemode 1
[11:14:30] [Server thread/INFO]: [pliptheplops: Set own game mode to Creative Mode]
[11:14:50] [Server thread/INFO]: pliptheplops issued server command: /plugins
[11:15:08] [Server thread/INFO]: pliptheplops issued server command: /help
[11:15:33] [Server thread/INFO]: pliptheplops issued server command: /plugins
[11:15:44] [Server thread/INFO]: pliptheplops issued server command: /help simplehomes
[11:17:00] [Server thread/INFO]: Unknown command. Type "/help" for help.[m

[11:17:04] [Server thread/INFO]: [0;33;1m----------[m Help: page 1/6  [0;33;1m--------------------[m[m

[11:17:04] [Server thread/INFO]: [0;37;22mType [0;36;1m//help <command> [<page>][0;37;22m for more information.[m

[11:17:04] [Server thread/INFO]: [0;33;22m//: [mToggle the super pickaxe function[m

[11:17:04] [Server thread/INFO]: [0;33;22m/.s: [mExecute last CraftScript[m

[11:17:04] [Server thread/INFO]: [0;33;22m/ascend: [mGo up a floor[m

[11:17:04] [Server thread/INFO]: [0;33;22m/biomeinfo: [mGet the biome of the targeted block.[m

[11:17:04] [Server thread/INFO]: [0;33;22m/biomelist: [mGets all biomes available.[m

[11:17:04] [Server thread/INFO]: [0;33;22m/brush: [mBrushing commands[m

[11:17:04] [Server thread/INFO]: [0;33;22m/butcher: [mKill all or nearby mobs[m

[11:17:04] [Server thread/INFO]: [0;33;22m//calc: [mEvaluate a mathematical expression[m

[11:17:04] [Server thread/INFO]: [0;33;22m/ceil: [mGo to the celing[m

[11:17:04] [Server thread/INFO]: [0;33;22m//center: [mSet the center block(s)[m

[11:17:04] [Server thread/INFO]: [0;33;22m//chunk: [mSet the selection to your current chunk.[m

[11:17:04] [Server thread/INFO]: [0;33;22m/chunkinfo: [mGet information about the chunk that you are inside[m

[11:17:04] [Server thread/INFO]: [0;33;22m/clearclipboard: [mClear your clipboard[m

[11:17:04] [Server thread/INFO]: [0;33;22m//clearhistory: [mClear your history[m

[11:17:04] [Server thread/INFO]: [0;33;22m//contract: [mContract the selection area[m

[11:17:04] [Server thread/INFO]: [0;33;22m//copy: [mCopy the selection to the clipboard[m

[11:17:04] [Server thread/INFO]: [0;33;22m//count: [mCounts the number of a certain type of block[m

[11:17:04] [Server thread/INFO]: [0;33;22m/cs: [mExecute a CraftScript[m

[11:17:04] [Server thread/INFO]: [0;33;22m//curve: [mDraws a spline through selected points[m

[11:17:04] [Server thread/INFO]: [0;33;22m//cut: [mCut the selection to the clipboard[m

[11:17:28] [Server thread/INFO]: pliptheplops issued server command: /butcher
[11:18:09] [Server thread/INFO]: pliptheplops issued server command: /locate
[11:22:09] [Server thread/INFO]: pliptheplops issued server command: /help server
[11:27:05] [Server thread/INFO]: pliptheplops lost connection: Timed out
[11:27:05] [Server thread/INFO]: pliptheplops left the game.
[11:28:18] [Thread-12/INFO]: UUID of player pliptheplops is 7f7128cf-cebd-3535-bbfd-97282ec5745a
[11:28:18] [Server thread/INFO]: pliptheplops[/[0:0:0:0:0:0:0:1]:48214] logged in with entity id 4376 at ([world]-212.01771633804586, 86.16790558379861, -144.8842394978634)
[11:28:34] [Server thread/INFO]: pliptheplops issued server command: /lac update
[11:28:34] [Craft Scheduler Thread - 3/INFO]: [LoginSecurity] Downloading file LoginSecurity-3.2.0-Bukkit (1).jar...
[11:28:36] [Craft Scheduler Thread - 3/INFO]: [LoginSecurity] Download complete!
[11:28:49] [Server thread/INFO]: pliptheplops issued server command: /plugins
[11:32:17] [Server thread/INFO]: Unknown command. Type "/help" for help.[m

[11:32:20] [Server thread/INFO]: Plugins (4): [0;32;1mSimpleTpa[0;37;1m, [0;32;1mSimpleHomes[0;37;1m, [0;32;1mWorldEdit[0;37;1m, [0;32;1mLoginSecurity[m

[11:34:41] [Server thread/INFO]: pliptheplops lost connection: Timed out
[11:34:41] [Server thread/INFO]: pliptheplops left the game.
[11:36:28] [Server thread/INFO]: Unknown command. Type "/help" for help.[m

[11:37:30] [Thread-13/INFO]: UUID of player pliptheplops is 7f7128cf-cebd-3535-bbfd-97282ec5745a
[11:37:31] [Server thread/INFO]: pliptheplops[/[0:0:0:0:0:0:0:1]:48464] logged in with entity id 5908 at ([world]-201.77612053224223, 133.0, -40.69645792731264)
[11:37:58] [Server thread/INFO]: pliptheplops issued server command: /plugins
[11:39:28] [Server thread/INFO]: pliptheplops has just earned the achievement [Taking Inventory]
[11:40:28] [Server thread/INFO]: pliptheplops issued server command: /plugins
[11:40:44] [Server thread/INFO]: pliptheplops lost connection: Disconnected
[11:40:44] [Server thread/INFO]: pliptheplops left the game.
[11:41:48] [Thread-14/INFO]: UUID of player pliptheplops is 7f7128cf-cebd-3535-bbfd-97282ec5745a
[11:41:49] [Server thread/INFO]: pliptheplops[/[0:0:0:0:0:0:0:1]:34912] logged in with entity id 6048 at ([world]-210.37249346840898, 134.0, -33.24737288153099)
[11:42:15] [Server thread/INFO]: pliptheplops issued server command: /lac
[11:42:45] [Server thread/INFO]: pliptheplops issued server command: /give @s minecraft:command_block
[11:42:45] [Server thread/INFO]: [pliptheplops: That player cannot be found]
[11:43:11] [Server thread/INFO]: pliptheplops lost connection: Disconnected
[11:43:11] [Server thread/INFO]: pliptheplops left the game.
[11:46:53] [Thread-15/INFO]: UUID of player pliptheplops is 7f7128cf-cebd-3535-bbfd-97282ec5745a
[11:46:53] [Server thread/INFO]: pliptheplops[/[0:0:0:0:0:0:0:1]:44970] logged in with entity id 6128 at ([world]-208.4027823734832, 132.0, -47.47564074031423)
[11:47:12] [Server thread/INFO]: pliptheplops issued server command: /lac update
[11:47:12] [Craft Scheduler Thread - 6/INFO]: [LoginSecurity] Downloading file LoginSecurity-3.2.0-Bukkit (1).jar...
[11:47:13] [Craft Scheduler Thread - 6/INFO]: [LoginSecurity] Download complete!
[11:47:18] [Server thread/INFO]: pliptheplops issued server command: /plugins
[11:47:24] [Server thread/INFO]: pliptheplops lost connection: Disconnected
[11:47:24] [Server thread/INFO]: pliptheplops left the game.
